2013.04.06 16:50 B C:\Programmation\Brython\20130406\src\libs\crypto_js\rollups\aes.js --> ftp.brython.info /www/src/libs/crypto_js/rollups aes.js
2013.04.06 16:50 B C:\Programmation\Brython\20130406\src\libs\crypto_js\rollups\hmac-md5.js --> ftp.brython.info /www/src/libs/crypto_js/rollups hmac-md5.js
2013.04.06 16:50 B C:\Programmation\Brython\20130406\src\libs\crypto_js\rollups\hmac-ripemd160.js --> ftp.brython.info /www/src/libs/crypto_js/rollups hmac-ripemd160.js
2013.04.06 16:50 B C:\Programmation\Brython\20130406\src\libs\crypto_js\rollups\hmac-sha1.js --> ftp.brython.info /www/src/libs/crypto_js/rollups hmac-sha1.js
2013.04.06 16:50 B C:\Programmation\Brython\20130406\src\libs\crypto_js\rollups\hmac-sha224.js --> ftp.brython.info /www/src/libs/crypto_js/rollups hmac-sha224.js
2013.04.06 16:50 B C:\Programmation\Brython\20130406\src\libs\crypto_js\rollups\hmac-sha256.js --> ftp.brython.info /www/src/libs/crypto_js/rollups hmac-sha256.js
2013.04.06 16:50 B C:\Programmation\Brython\20130406\src\libs\crypto_js\rollups\hmac-sha3.js --> ftp.brython.info /www/src/libs/crypto_js/rollups hmac-sha3.js
2013.04.06 16:50 B C:\Programmation\Brython\20130406\src\libs\crypto_js\rollups\hmac-sha384.js --> ftp.brython.info /www/src/libs/crypto_js/rollups hmac-sha384.js
2013.04.06 16:50 B C:\Programmation\Brython\20130406\src\libs\crypto_js\rollups\hmac-sha512.js --> ftp.brython.info /www/src/libs/crypto_js/rollups hmac-sha512.js
2013.04.06 16:50 B C:\Programmation\Brython\20130406\src\libs\crypto_js\rollups\md5.js --> ftp.brython.info /www/src/libs/crypto_js/rollups md5.js
2013.04.06 16:50 B C:\Programmation\Brython\20130406\src\libs\crypto_js\rollups\pbkdf2.js --> ftp.brython.info /www/src/libs/crypto_js/rollups pbkdf2.js
2013.04.06 16:50 B C:\Programmation\Brython\20130406\src\libs\crypto_js\rollups\rabbit-legacy.js --> ftp.brython.info /www/src/libs/crypto_js/rollups rabbit-legacy.js
2013.04.06 16:50 B C:\Programmation\Brython\20130406\src\libs\crypto_js\rollups\rabbit.js --> ftp.brython.info /www/src/libs/crypto_js/rollups rabbit.js
2013.04.06 16:50 B C:\Programmation\Brython\20130406\src\libs\crypto_js\rollups\rc4.js --> ftp.brython.info /www/src/libs/crypto_js/rollups rc4.js
2013.04.06 16:50 B C:\Programmation\Brython\20130406\src\libs\crypto_js\rollups\ripemd160.js --> ftp.brython.info /www/src/libs/crypto_js/rollups ripemd160.js
2013.04.06 16:50 B C:\Programmation\Brython\20130406\src\libs\crypto_js\rollups\sha1.js --> ftp.brython.info /www/src/libs/crypto_js/rollups sha1.js
2013.04.06 16:50 B C:\Programmation\Brython\20130406\src\libs\crypto_js\rollups\sha224.js --> ftp.brython.info /www/src/libs/crypto_js/rollups sha224.js
2013.04.06 16:50 B C:\Programmation\Brython\20130406\src\libs\crypto_js\rollups\sha256.js --> ftp.brython.info /www/src/libs/crypto_js/rollups sha256.js
2013.04.06 16:50 B C:\Programmation\Brython\20130406\src\libs\crypto_js\rollups\sha3.js --> ftp.brython.info /www/src/libs/crypto_js/rollups sha3.js
2013.04.06 16:50 B C:\Programmation\Brython\20130406\src\libs\crypto_js\rollups\sha384.js --> ftp.brython.info /www/src/libs/crypto_js/rollups sha384.js
2013.04.06 16:50 B C:\Programmation\Brython\20130406\src\libs\crypto_js\rollups\sha512.js --> ftp.brython.info /www/src/libs/crypto_js/rollups sha512.js
2013.04.06 16:50 B C:\Programmation\Brython\20130406\src\libs\crypto_js\rollups\tripledes.js --> ftp.brython.info /www/src/libs/crypto_js/rollups tripledes.js
2013.05.20 11:40 B C:\Programmation\Brython\20130518\src\libs\crypto_js\rollups\aes.js --> ftp.brython.info /www/src/libs/crypto_js/rollups aes.js
2013.05.20 11:40 B C:\Programmation\Brython\20130518\src\libs\crypto_js\rollups\hmac-md5.js --> ftp.brython.info /www/src/libs/crypto_js/rollups hmac-md5.js
2013.05.20 11:40 B C:\Programmation\Brython\20130518\src\libs\crypto_js\rollups\hmac-ripemd160.js --> ftp.brython.info /www/src/libs/crypto_js/rollups hmac-ripemd160.js
2013.05.20 11:40 B C:\Programmation\Brython\20130518\src\libs\crypto_js\rollups\hmac-sha1.js --> ftp.brython.info /www/src/libs/crypto_js/rollups hmac-sha1.js
2013.05.20 11:40 B C:\Programmation\Brython\20130518\src\libs\crypto_js\rollups\hmac-sha224.js --> ftp.brython.info /www/src/libs/crypto_js/rollups hmac-sha224.js
2013.05.20 11:40 B C:\Programmation\Brython\20130518\src\libs\crypto_js\rollups\hmac-sha256.js --> ftp.brython.info /www/src/libs/crypto_js/rollups hmac-sha256.js
2013.05.20 11:40 B C:\Programmation\Brython\20130518\src\libs\crypto_js\rollups\hmac-sha3.js --> ftp.brython.info /www/src/libs/crypto_js/rollups hmac-sha3.js
2013.05.20 11:40 B C:\Programmation\Brython\20130518\src\libs\crypto_js\rollups\hmac-sha384.js --> ftp.brython.info /www/src/libs/crypto_js/rollups hmac-sha384.js
2013.05.20 11:41 B C:\Programmation\Brython\20130518\src\libs\crypto_js\rollups\hmac-sha512.js --> ftp.brython.info /www/src/libs/crypto_js/rollups hmac-sha512.js
2013.05.20 11:41 B C:\Programmation\Brython\20130518\src\libs\crypto_js\rollups\md5.js --> ftp.brython.info /www/src/libs/crypto_js/rollups md5.js
2013.05.20 11:41 B C:\Programmation\Brython\20130518\src\libs\crypto_js\rollups\pbkdf2.js --> ftp.brython.info /www/src/libs/crypto_js/rollups pbkdf2.js
2013.05.20 11:41 B C:\Programmation\Brython\20130518\src\libs\crypto_js\rollups\rabbit-legacy.js --> ftp.brython.info /www/src/libs/crypto_js/rollups rabbit-legacy.js
2013.05.20 11:41 B C:\Programmation\Brython\20130518\src\libs\crypto_js\rollups\rabbit.js --> ftp.brython.info /www/src/libs/crypto_js/rollups rabbit.js
2013.05.20 11:41 B C:\Programmation\Brython\20130518\src\libs\crypto_js\rollups\rc4.js --> ftp.brython.info /www/src/libs/crypto_js/rollups rc4.js
2013.05.20 11:41 B C:\Programmation\Brython\20130518\src\libs\crypto_js\rollups\ripemd160.js --> ftp.brython.info /www/src/libs/crypto_js/rollups ripemd160.js
2013.05.20 11:41 B C:\Programmation\Brython\20130518\src\libs\crypto_js\rollups\sha1.js --> ftp.brython.info /www/src/libs/crypto_js/rollups sha1.js
2013.05.20 11:41 B C:\Programmation\Brython\20130518\src\libs\crypto_js\rollups\sha224.js --> ftp.brython.info /www/src/libs/crypto_js/rollups sha224.js
2013.05.20 11:41 B C:\Programmation\Brython\20130518\src\libs\crypto_js\rollups\sha256.js --> ftp.brython.info /www/src/libs/crypto_js/rollups sha256.js
2013.05.20 11:41 B C:\Programmation\Brython\20130518\src\libs\crypto_js\rollups\sha3.js --> ftp.brython.info /www/src/libs/crypto_js/rollups sha3.js
2013.05.20 11:41 B C:\Programmation\Brython\20130518\src\libs\crypto_js\rollups\sha384.js --> ftp.brython.info /www/src/libs/crypto_js/rollups sha384.js
2013.05.20 11:41 B C:\Programmation\Brython\20130518\src\libs\crypto_js\rollups\sha512.js --> ftp.brython.info /www/src/libs/crypto_js/rollups sha512.js
2013.05.20 11:41 B C:\Programmation\Brython\20130518\src\libs\crypto_js\rollups\tripledes.js --> ftp.brython.info /www/src/libs/crypto_js/rollups tripledes.js
